c:\users\janghoon\desktop\nbc\teamproject\darkest-textion\project\x64\debug\vc143.pdb
c:\users\janghoon\desktop\nbc\teamproject\darkest-textion\project\x64\debug\vc143.idb
c:\users\janghoon\desktop\nbc\teamproject\darkest-textion\project\x64\debug\consumable.obj
c:\users\janghoon\desktop\nbc\teamproject\darkest-textion\project\x64\debug\singleton.obj
c:\users\janghoon\desktop\nbc\teamproject\darkest-textion\project\x64\debug\shopscene.obj
c:\users\janghoon\desktop\nbc\teamproject\darkest-textion\project\x64\debug\selectdungeonscene.obj
c:\users\janghoon\desktop\nbc\teamproject\darkest-textion\project\x64\debug\scenemanager.obj
c:\users\janghoon\desktop\nbc\teamproject\darkest-textion\project\x64\debug\observer.obj
c:\users\janghoon\desktop\nbc\teamproject\darkest-textion\project\x64\debug\gamemanager.obj
c:\users\janghoon\desktop\nbc\teamproject\darkest-textion\project\x64\debug\dungeonscene.obj
c:\users\janghoon\desktop\nbc\teamproject\darkest-textion\project\x64\debug\darkest-textion.obj
c:\users\janghoon\desktop\nbc\teamproject\darkest-textion\project\x64\debug\titlescene.obj
c:\users\janghoon\desktop\nbc\teamproject\darkest-textion\project\x64\debug\scene.obj
c:\users\janghoon\desktop\nbc\teamproject\darkest-textion\project\x64\debug\mainscene.obj
c:\users\janghoon\desktop\nbc\teamproject\darkest-textion\project\x64\debug\darkest-textion.ilk
c:\users\janghoon\desktop\nbc\teamproject\darkest-textion\x64\debug\darkest-textion.pdb
c:\users\janghoon\desktop\nbc\teamproject\darkest-textion\project\x64\debug\darkest-textion.tlog\cl.command.1.tlog
c:\users\janghoon\desktop\nbc\teamproject\darkest-textion\project\x64\debug\darkest-textion.tlog\cl.items.tlog
c:\users\janghoon\desktop\nbc\teamproject\darkest-textion\project\x64\debug\darkest-textion.tlog\cl.read.1.tlog
c:\users\janghoon\desktop\nbc\teamproject\darkest-textion\project\x64\debug\darkest-textion.tlog\cl.write.1.tlog
c:\users\janghoon\desktop\nbc\teamproject\darkest-textion\project\x64\debug\darkest-textion.tlog\link.21552-cvtres.read.1.tlog
c:\users\janghoon\desktop\nbc\teamproject\darkest-textion\project\x64\debug\darkest-textion.tlog\link.21552-cvtres.write.1.tlog
c:\users\janghoon\desktop\nbc\teamproject\darkest-textion\project\x64\debug\darkest-textion.tlog\link.21552-rc.read.1.tlog
c:\users\janghoon\desktop\nbc\teamproject\darkest-textion\project\x64\debug\darkest-textion.tlog\link.21552-rc.write.1.tlog
c:\users\janghoon\desktop\nbc\teamproject\darkest-textion\project\x64\debug\darkest-textion.tlog\link.21552.read.1.tlog
c:\users\janghoon\desktop\nbc\teamproject\darkest-textion\project\x64\debug\darkest-textion.tlog\link.21552.read.2.tlog
c:\users\janghoon\desktop\nbc\teamproject\darkest-textion\project\x64\debug\darkest-textion.tlog\link.21552.write.1.tlog
c:\users\janghoon\desktop\nbc\teamproject\darkest-textion\project\x64\debug\darkest-textion.tlog\link.command.1.tlog
c:\users\janghoon\desktop\nbc\teamproject\darkest-textion\project\x64\debug\darkest-textion.tlog\link.read.1.tlog
c:\users\janghoon\desktop\nbc\teamproject\darkest-textion\project\x64\debug\darkest-textion.tlog\link.secondary.1.tlog
c:\users\janghoon\desktop\nbc\teamproject\darkest-textion\project\x64\debug\darkest-textion.tlog\link.write.1.tlog
